Using pre-set license
Built from '2020.3/staging' branch; Version is '2020.3.14f1 (d0d1bb862f9d) revision 13685179'; Using compiler version '192528614'; Build Type 'Release'
OS: 'Windows 10 Home Single Language; OS build 19044.1645; Version 2009; 64bit' Language: 'en' Physical Memory: 16230 MB
BatchMode: 1, IsHumanControllingUs: 0, StartBugReporterOnCrash: 0, Is64bit: 1, IsPro: 0

 COMMAND LINE ARGUMENTS:
D:\6.intall software\2020.3.14f1\Editor\Unity.exe
-adb2
-batchMode
-noUpm
-name
AssetImportWorker0
-projectPath
D:/8.unity/project/VfxDemonSlayer/VFX-Demon-Slayer-Blood-Demon-Art-Technique-Devlopment/Demon Slayer
-logFile
Logs/AssetImportWorker0.log
-srvPort
9408
Successfully changed project path to: D:/8.unity/project/VfxDemonSlayer/VFX-Demon-Slayer-Blood-Demon-Art-Technique-Devlopment/Demon Slayer
D:/8.unity/project/VfxDemonSlayer/VFX-Demon-Slayer-Blood-Demon-Art-Technique-Devlopment/Demon Slayer
Using Asset Import Pipeline V2.
Refreshing native plugins compatible for Editor in 41.53 ms, found 2 plugins.
Preloading 0 native plugins for Editor in 0.00 ms.
Initialize engine version: 2020.3.14f1 (d0d1bb862f9d)
[Subsystems] Discovering subsystems at path D:/6.intall software/2020.3.14f1/Editor/Data/Resources/UnitySubsystems
[Subsystems] Discovering subsystems at path D:/8.unity/project/VfxDemonSlayer/VFX-Demon-Slayer-Blood-Demon-Art-Technique-Devlopment/Demon Slayer/Assets
GfxDevice: creating device client; threaded=0
Direct3D:
    Version:  Direct3D 11.0 [level 11.1]
    Renderer: NVIDIA GeForce GTX 1060 (ID=0x1c20)
    Vendor:   
    VRAM:     6052 MB
    Driver:   30.0.15.1215
Initialize mono
Mono path[0] = 'D:/6.intall software/2020.3.14f1/Editor/Data/Managed'
Mono path[1] = 'D:/6.intall software/2020.3.14f1/Editor/Data/MonoBleedingEdge/lib/mono/unityjit'
Mono config path = 'D:/6.intall software/2020.3.14f1/Editor/Data/MonoBleedingEdge/etc'
Using monoOptions --debugger-agent=transport=dt_socket,embedding=1,server=y,suspend=n,address=127.0.0.1:56904
Begin MonoManager ReloadAssembly
Registering precompiled unity dll's ...
Register platform support module: D:/6.intall software/2020.3.14f1/Editor/Data/PlaybackEngines/WindowsStandaloneSupport/UnityEditor.WindowsStandalone.Extensions.dll
Registered in 0.001364 seconds.
Native extension for WindowsStandalone target not found
Refreshing native plugins compatible for Editor in 38.20 ms, found 2 plugins.
Preloading 0 native plugins for Editor in 0.00 ms.
Mono: successfully reloaded assembly
- Completed reload, in  1.298 seconds
Domain Reload Profiling:
	ReloadAssembly (1299ms)
		BeginReloadAssembly (79ms)
			ExecutionOrderSort (0ms)
			DisableScriptedObjects (0ms)
			BackupInstance (0ms)
			ReleaseScriptingObjects (0ms)
			CreateAndSetChildDomain (1ms)
		EndReloadAssembly (415ms)
			LoadAssemblies (78ms)
			RebuildTransferFunctionScriptingTraits (0ms)
			SetupTypeCache (153ms)
			ReleaseScriptCaches (0ms)
			RebuildScriptCaches (35ms)
			SetupLoadedEditorAssemblies (161ms)
				LogAssemblyErrors (0ms)
				InitializePlatformSupportModulesInManaged (4ms)
				SetLoadedEditorAssemblies (0ms)
				RefreshPlugins (38ms)
				BeforeProcessingInitializeOnLoad (13ms)
				ProcessInitializeOnLoadAttributes (75ms)
				ProcessInitializeOnLoadMethodAttributes (30ms)
				AfterProcessingInitializeOnLoad (0ms)
				EditorAssembliesLoaded (0ms)
			ExecutionOrderSort2 (0ms)
			AwakeInstancesAfterBackupRestoration (0ms)
Platform modules already initialized, skipping
Registering precompiled user dll's ...
Registered in 0.005579 seconds.
Begin MonoManager ReloadAssembly
Native extension for WindowsStandalone target not found
Refreshing native plugins compatible for Editor in 40.41 ms, found 2 plugins.
Preloading 0 native plugins for Editor in 0.00 ms.
Mono: successfully reloaded assembly
- Completed reload, in  1.228 seconds
Domain Reload Profiling:
	ReloadAssembly (1229ms)
		BeginReloadAssembly (182ms)
			ExecutionOrderSort (0ms)
			DisableScriptedObjects (5ms)
			BackupInstance (0ms)
			ReleaseScriptingObjects (0ms)
			CreateAndSetChildDomain (23ms)
		EndReloadAssembly (981ms)
			LoadAssemblies (112ms)
			RebuildTransferFunctionScriptingTraits (0ms)
			SetupTypeCache (312ms)
			ReleaseScriptCaches (0ms)
			RebuildScriptCaches (51ms)
			SetupLoadedEditorAssemblies (391ms)
				LogAssemblyErrors (0ms)
				InitializePlatformSupportModulesInManaged (5ms)
				SetLoadedEditorAssemblies (0ms)
				RefreshPlugins (40ms)
				BeforeProcessingInitializeOnLoad (101ms)
				ProcessInitializeOnLoadAttributes (236ms)
				ProcessInitializeOnLoadMethodAttributes (5ms)
				AfterProcessingInitializeOnLoad (3ms)
				EditorAssembliesLoaded (0ms)
			ExecutionOrderSort2 (0ms)
			AwakeInstancesAfterBackupRestoration (7ms)
Platform modules already initialized, skipping
========================================================================
Worker process is ready to serve import requests
Launched and connected shader compiler UnityShaderCompiler.exe after 0.06 seconds
Refreshing native plugins compatible for Editor in 0.47 ms, found 2 plugins.
Preloading 0 native plugins for Editor in 0.00 ms.
Unloading 2189 Unused Serialized files (Serialized files now loaded: 0)
System memory in use before: 89.4 MB.
System memory in use after: 89.5 MB.

Unloading 19 unused Assets to reduce memory usage. Loaded Objects now: 2626.
Total: 3.198500 ms (FindLiveObjects: 0.217100 ms CreateObjectMapping: 0.106700 ms MarkObjects: 2.791200 ms  DeleteObjects: 0.082000 ms)

AssetImportParameters requested are different than current active one (requested -> active):
  custom:framework-win-MediaFoundation: 216162199b28c13a410421893ffa2e32 -> 
  custom:video-decoder-ogg-theora: a1e56fd34408186e4bbccfd4996cb3dc -> 
  custom:container-muxer-webm: aa71ff27fc2769a1b78a27578f13a17b -> 
  custom:container-demuxer-webm: 4f35f7cbe854078d1ac9338744f61a02 -> 
  custom:container-demuxer-ogg: 62fdf1f143b41e24485cea50d1cbac27 -> 
  custom:video-encoder-webm-vp8: eb34c28f22e8b96e1ab97ce403110664 -> 
  custom:video-decoder-webm-vp8: 9c59270c3fd7afecdb556c50c9e8de78 -> 
  custom:audio-decoder-ogg-vorbis: bf7c407c2cedff20999df2af8eb42d56 -> 
  custom:audio-encoder-webm-vorbis: bf7c407c2cedff20999df2af8eb42d56 -> 
========================================================================
Received Import Request.
  path: Assets/NewUnlitShader.shader
  artifactKey: Guid(3fdb54812cc22e747b8bd2a9d62f6310) Importer(815301076,1909f56bfc062723c751e8b465ee728b)
Start importing Assets/NewUnlitShader.shader using Guid(3fdb54812cc22e747b8bd2a9d62f6310) Importer(815301076,1909f56bfc062723c751e8b465ee728b)  -> (artifact id: 'e606c271ad28b31acbcecd7948879574') in 0.048976 seconds 
  Import took 0.068204 seconds .

========================================================================
Received Import Request.
  Time since last request: 40.437483 seconds.
  path: Assets/NewShaderVariants.shadervariants
  artifactKey: Guid(2c6f335d65f223448bcc4a91ced71597) Importer(815301076,1909f56bfc062723c751e8b465ee728b)
Start importing Assets/NewShaderVariants.shadervariants using Guid(2c6f335d65f223448bcc4a91ced71597) Importer(815301076,1909f56bfc062723c751e8b465ee728b)  -> (artifact id: '9ff5fe9952e6cd67f62f3bbd95b1d361') in 0.008389 seconds 
  Import took 0.012129 seconds .

========================================================================
Received Import Request.
  Time since last request: 18.673852 seconds.
  path: Assets/New Shader Sub Graph.shadersubgraph
  artifactKey: Guid(1bd189edcae116042a2a5efd1c026b4e) Importer(815301076,1909f56bfc062723c751e8b465ee728b)
Start importing Assets/New Shader Sub Graph.shadersubgraph using Guid(1bd189edcae116042a2a5efd1c026b4e) Importer(815301076,1909f56bfc062723c751e8b465ee728b)  -> (artifact id: '1d97d26d2c07355b76c7b94c1222b192') in 0.010720 seconds 
  Import took 0.022571 seconds .

========================================================================
Received Import Request.
  Time since last request: 21.632755 seconds.
  path: Assets/NewSurfaceShader.shader
  artifactKey: Guid(91ad349b6fdead849ae6ed2cd93dfe38) Importer(815301076,1909f56bfc062723c751e8b465ee728b)
Start importing Assets/NewSurfaceShader.shader using Guid(91ad349b6fdead849ae6ed2cd93dfe38) Importer(815301076,1909f56bfc062723c751e8b465ee728b)  -> (artifact id: '00e58978df99d21408d9a4a4c56e6a86') in 0.011072 seconds 
  Import took 0.016109 seconds .

========================================================================
Received Prepare
Registering precompiled user dll's ...
Registered in 1.632606 seconds.
Begin MonoManager ReloadAssembly
Native extension for WindowsStandalone target not found
Refreshing native plugins compatible for Editor in 96.29 ms, found 2 plugins.
Preloading 0 native plugins for Editor in 0.00 ms.
Mono: successfully reloaded assembly
- Completed reload, in 13.052 seconds
Domain Reload Profiling:
	ReloadAssembly (13053ms)
		BeginReloadAssembly (5813ms)
			ExecutionOrderSort (0ms)
			DisableScriptedObjects (13ms)
			BackupInstance (0ms)
			ReleaseScriptingObjects (0ms)
			CreateAndSetChildDomain (84ms)
		EndReloadAssembly (7146ms)
			LoadAssemblies (10012ms)
			RebuildTransferFunctionScriptingTraits (0ms)
			SetupTypeCache (1844ms)
			ReleaseScriptCaches (2ms)
			RebuildScriptCaches (65ms)
			SetupLoadedEditorAssemblies (641ms)
				LogAssemblyErrors (0ms)
				InitializePlatformSupportModulesInManaged (4ms)
				SetLoadedEditorAssemblies (0ms)
				RefreshPlugins (96ms)
				BeforeProcessingInitializeOnLoad (113ms)
				ProcessInitializeOnLoadAttributes (414ms)
				ProcessInitializeOnLoadMethodAttributes (10ms)
				AfterProcessingInitializeOnLoad (3ms)
				EditorAssembliesLoaded (0ms)
			ExecutionOrderSort2 (0ms)
			AwakeInstancesAfterBackupRestoration (7ms)
Platform modules already initialized, skipping
Shader 'HDRP/TerrainLit': dependency 'BaseMapGenShader' shader 'Hidden/HDRP/TerrainLit_BasemapGen' not found
Refreshing native plugins compatible for Editor in 0.57 ms, found 2 plugins.
Preloading 0 native plugins for Editor in 0.00 ms.
Unloading 3429 Unused Serialized files (Serialized files now loaded: 0)
System memory in use before: 146.8 MB.
System memory in use after: 139.2 MB.

Unloading 102 unused Assets to reduce memory usage. Loaded Objects now: 3795.
Total: 7.812700 ms (FindLiveObjects: 0.318300 ms CreateObjectMapping: 0.151000 ms MarkObjects: 2.331800 ms  DeleteObjects: 5.010400 ms)

AssetImportParameters requested are different than current active one (requested -> active):
  custom:framework-win-MediaFoundation: 216162199b28c13a410421893ffa2e32 -> 
  custom:video-decoder-ogg-theora: a1e56fd34408186e4bbccfd4996cb3dc -> 
  custom:container-muxer-webm: aa71ff27fc2769a1b78a27578f13a17b -> 
  custom:container-demuxer-webm: 4f35f7cbe854078d1ac9338744f61a02 -> 
  custom:container-demuxer-ogg: 62fdf1f143b41e24485cea50d1cbac27 -> 
  custom:video-encoder-webm-vp8: eb34c28f22e8b96e1ab97ce403110664 -> 
  custom:video-decoder-webm-vp8: 9c59270c3fd7afecdb556c50c9e8de78 -> 
  custom:audio-decoder-ogg-vorbis: bf7c407c2cedff20999df2af8eb42d56 -> 
  custom:audio-encoder-webm-vorbis: bf7c407c2cedff20999df2af8eb42d56 -> 
========================================================================
Received Import Request.
  Time since last request: 305.414390 seconds.
  path: Assets/TechniqueDevelopmentPattern.png
  artifactKey: Guid(594fca757e869474091221b0b4f59384) Importer(815301076,1909f56bfc062723c751e8b465ee728b)
Start importing Assets/TechniqueDevelopmentPattern.png using Guid(594fca757e869474091221b0b4f59384) Importer(815301076,1909f56bfc062723c751e8b465ee728b)  -> (artifact id: '2e7db4086c0d57b5fd679b2f6625873c') in 0.134174 seconds 
  Import took 0.140299 seconds .

========================================================================
Received Import Request.
  Time since last request: 0.000372 seconds.
  path: Assets/vfx plane.fbx
  artifactKey: Guid(715e65618d0cd534b90938e2c0794345) Importer(815301076,1909f56bfc062723c751e8b465ee728b)
Start importing Assets/vfx plane.fbx using Guid(715e65618d0cd534b90938e2c0794345) Importer(815301076,1909f56bfc062723c751e8b465ee728b)  -> (artifact id: '7a3e5c04a3dc4640462490fea10d28bf') in 0.615909 seconds 
  Import took 0.665153 seconds .

========================================================================
Received Import Request.
  Time since last request: 0.000441 seconds.
  path: Assets/vfx full room.fbx
  artifactKey: Guid(2723b7a46b6731a49bdc0a0d16d6293e) Importer(815301076,1909f56bfc062723c751e8b465ee728b)
Start importing Assets/vfx full room.fbx using Guid(2723b7a46b6731a49bdc0a0d16d6293e) Importer(815301076,1909f56bfc062723c751e8b465ee728b)  -> (artifact id: 'a3d6233c7da0f334a265dddc33b6505c') in 0.169293 seconds 
  Import took 0.192829 seconds .

========================================================================
Received Prepare
Refreshing native plugins compatible for Editor in 4.41 ms, found 2 plugins.
Preloading 0 native plugins for Editor in 0.00 ms.
Unloading 100 Unused Serialized files (Serialized files now loaded: 0)
System memory in use before: 83.7 MB.
System memory in use after: 76.1 MB.

Unloading 101 unused Assets to reduce memory usage. Loaded Objects now: 3807.
Total: 9.256800 ms (FindLiveObjects: 0.350200 ms CreateObjectMapping: 0.177300 ms MarkObjects: 3.235800 ms  DeleteObjects: 5.492000 ms)

AssetImportParameters requested are different than current active one (requested -> active):
  colorSpace: 1 -> 0
  custom:framework-win-MediaFoundation: 216162199b28c13a410421893ffa2e32 -> 
  custom:video-decoder-ogg-theora: a1e56fd34408186e4bbccfd4996cb3dc -> 
  custom:container-muxer-webm: aa71ff27fc2769a1b78a27578f13a17b -> 
  custom:container-demuxer-webm: 4f35f7cbe854078d1ac9338744f61a02 -> 
  custom:container-demuxer-ogg: 62fdf1f143b41e24485cea50d1cbac27 -> 
  custom:video-encoder-webm-vp8: eb34c28f22e8b96e1ab97ce403110664 -> 
  custom:video-decoder-webm-vp8: 9c59270c3fd7afecdb556c50c9e8de78 -> 
  custom:audio-decoder-ogg-vorbis: bf7c407c2cedff20999df2af8eb42d56 -> 
  custom:audio-encoder-webm-vorbis: bf7c407c2cedff20999df2af8eb42d56 -> 
========================================================================
Received Import Request.
  Time since last request: 68.749082 seconds.
  path: Assets/TechniqueDevelopmentPattern.png
  artifactKey: Guid(594fca757e869474091221b0b4f59384) Importer(815301076,1909f56bfc062723c751e8b465ee728b)
Start importing Assets/TechniqueDevelopmentPattern.png using Guid(594fca757e869474091221b0b4f59384) Importer(815301076,1909f56bfc062723c751e8b465ee728b)  -> (artifact id: '5f58bcdf0a38a5124646203387bbd85a') in 0.025416 seconds 
  Import took 0.030957 seconds .

========================================================================
Received Prepare
Refreshing native plugins compatible for Editor in 5.02 ms, found 2 plugins.
Preloading 0 native plugins for Editor in 0.00 ms.
Unloading 101 Unused Serialized files (Serialized files now loaded: 0)
System memory in use before: 84.3 MB.
System memory in use after: 76.7 MB.

Unloading 100 unused Assets to reduce memory usage. Loaded Objects now: 3808.
Total: 9.085800 ms (FindLiveObjects: 0.298300 ms CreateObjectMapping: 0.155300 ms MarkObjects: 3.096000 ms  DeleteObjects: 5.535100 ms)

AssetImportParameters requested are different than current active one (requested -> active):
  custom:framework-win-MediaFoundation: 216162199b28c13a410421893ffa2e32 -> 
  custom:video-decoder-ogg-theora: a1e56fd34408186e4bbccfd4996cb3dc -> 
  custom:container-muxer-webm: aa71ff27fc2769a1b78a27578f13a17b -> 
  custom:container-demuxer-webm: 4f35f7cbe854078d1ac9338744f61a02 -> 
  custom:container-demuxer-ogg: 62fdf1f143b41e24485cea50d1cbac27 -> 
  custom:srp/default-shader: 0d000000000000000000000000000000 -> 00a0da0d000000000000000000000000
  custom:video-encoder-webm-vp8: eb34c28f22e8b96e1ab97ce403110664 -> 
  custom:video-decoder-webm-vp8: 9c59270c3fd7afecdb556c50c9e8de78 -> 
  custom:audio-decoder-ogg-vorbis: bf7c407c2cedff20999df2af8eb42d56 -> 
  custom:audio-encoder-webm-vorbis: bf7c407c2cedff20999df2af8eb42d56 -> 
========================================================================
Received Import Request.
  Time since last request: 71.696897 seconds.
  path: Assets/New Material.mat
  artifactKey: Guid(fb899682158208d439171272a17b59b0) Importer(815301076,1909f56bfc062723c751e8b465ee728b)
Start importing Assets/New Material.mat using Guid(fb899682158208d439171272a17b59b0) Importer(815301076,1909f56bfc062723c751e8b465ee728b) Launched and connected shader compiler UnityShaderCompiler.exe after 0.07 seconds
Launched and connected shader compiler UnityShaderCompiler.exe after 0.05 seconds
Launched and connected shader compiler UnityShaderCompiler.exe after 0.05 seconds
Shader error in 'Hidden/HDRP/Sky/HDRISky': Couldn't open include file 'Packages/com.unity.render-pipelines.high-definition/Runtime/RenderPipeline/ShaderPass/ShaderPass.cs.hlsl'. at line 24

Compiling Vertex program with SHADOW_MEDIUM USE_FPTL_LIGHTLIST
Platform defines: UNITY_ENABLE_REFLECTION_BUFFERS UNITY_USE_DITHER_MASK_FOR_ALPHABLENDED_SHADOWS UNITY_PBS_USE_BRDF1 UNITY_SPECCUBE_BOX_PROJECTION UNITY_SPECCUBE_BLENDING UNITY_ENABLE_DETAIL_NORMALMAP SHADER_API_DESKTOP UNITY_LIGHT_PROBE_PROXY_VOLUME UNITY_LIGHTMAP_FULL_HDR
Disabled keywords: DEBUG_DISPLAY SHADOW_LOW SHADOW_HIGH USE_CLUSTERED_LIGHTLIST SKY_MOTION USE_FLOWMAP UNITY_NO_DXT5nm UNITY_ENABLE_NATIVE_SHADOW_LOOKUPS UNITY_METAL_SHADOWS_USE_POINT_FILTERING UNITY_NO_SCREENSPACE_SHADOWS UNITY_PBS_USE_BRDF2 UNITY_PBS_USE_BRDF3 UNITY_NO_FULL_STANDARD_SHADER UNITY_HARDWARE_TIER1 UNITY_HARDWARE_TIER2 UNITY_HARDWARE_TIER3 UNITY_COLORSPACE_GAMMA UNITY_HALF_PRECISION_FRAGMENT_SHADER_REGISTERS UNITY_LIGHTMAP_DLDR_ENCODING UNITY_LIGHTMAP_RGBM_ENCODING UNITY_VIRTUAL_TEXTURING UNITY_PRETRANSFORM_TO_DISPLAY_ORIENTATION UNITY_ASTC_NORMALMAP_ENCODING SHADER_API_GLES30

Shader warning in 'Hidden/HDRP/Sky/HDRISky': Both vertex and fragment programs must be present in a shader snippet. Excluding it from compilation. at line 364

Compiling Vertex program with SHADOW_MEDIUM USE_FPTL_LIGHTLIST
Platform defines: UNITY_ENABLE_REFLECTION_BUFFERS UNITY_USE_DITHER_MASK_FOR_ALPHABLENDED_SHADOWS UNITY_PBS_USE_BRDF1 UNITY_SPECCUBE_BOX_PROJECTION UNITY_SPECCUBE_BLENDING UNITY_ENABLE_DETAIL_NORMALMAP SHADER_API_DESKTOP UNITY_LIGHT_PROBE_PROXY_VOLUME UNITY_LIGHTMAP_FULL_HDR
Disabled keywords: DEBUG_DISPLAY SHADOW_LOW SHADOW_HIGH USE_CLUSTERED_LIGHTLIST SKY_MOTION USE_FLOWMAP UNITY_NO_DXT5nm UNITY_ENABLE_NATIVE_SHADOW_LOOKUPS UNITY_METAL_SHADOWS_USE_POINT_FILTERING UNITY_NO_SCREENSPACE_SHADOWS UNITY_PBS_USE_BRDF2 UNITY_PBS_USE_BRDF3 UNITY_NO_FULL_STANDARD_SHADER UNITY_HARDWARE_TIER1 UNITY_HARDWARE_TIER2 UNITY_HARDWARE_TIER3 UNITY_COLORSPACE_GAMMA UNITY_HALF_PRECISION_FRAGMENT_SHADER_REGISTERS UNITY_LIGHTMAP_DLDR_ENCODING UNITY_LIGHTMAP_RGBM_ENCODING UNITY_VIRTUAL_TEXTURING UNITY_PRETRANSFORM_TO_DISPLAY_ORIENTATION UNITY_ASTC_NORMALMAP_ENCODING SHADER_API_GLES30

Shader error in 'Hidden/HDRP/Sky/HDRISky': Couldn't open include file 'Packages/com.unity.render-pipelines.high-definition/Runtime/RenderPipeline/ShaderPass/ShaderPass.cs.hlsl'. at line 24

Compiling Vertex program with SHADOW_MEDIUM USE_FPTL_LIGHTLIST
Platform defines: UNITY_ENABLE_REFLECTION_BUFFERS UNITY_USE_DITHER_MASK_FOR_ALPHABLENDED_SHADOWS UNITY_PBS_USE_BRDF1 UNITY_SPECCUBE_BOX_PROJECTION UNITY_SPECCUBE_BLENDING UNITY_ENABLE_DETAIL_NORMALMAP SHADER_API_DESKTOP UNITY_LIGHT_PROBE_PROXY_VOLUME UNITY_LIGHTMAP_FULL_HDR
Disabled keywords: DEBUG_DISPLAY SHADOW_LOW SHADOW_HIGH USE_CLUSTERED_LIGHTLIST SKY_MOTION USE_FLOWMAP UNITY_NO_DXT5nm UNITY_ENABLE_NATIVE_SHADOW_LOOKUPS UNITY_METAL_SHADOWS_USE_POINT_FILTERING UNITY_NO_SCREENSPACE_SHADOWS UNITY_PBS_USE_BRDF2 UNITY_PBS_USE_BRDF3 UNITY_NO_FULL_STANDARD_SHADER UNITY_HARDWARE_TIER1 UNITY_HARDWARE_TIER2 UNITY_HARDWARE_TIER3 UNITY_COLORSPACE_GAMMA UNITY_HALF_PRECISION_FRAGMENT_SHADER_REGISTERS UNITY_LIGHTMAP_DLDR_ENCODING UNITY_LIGHTMAP_RGBM_ENCODING UNITY_VIRTUAL_TEXTURING UNITY_PRETRANSFORM_TO_DISPLAY_ORIENTATION UNITY_ASTC_NORMALMAP_ENCODING SHADER_API_GLES30

Shader warning in 'Hidden/HDRP/Sky/HDRISky': Both vertex and fragment programs must be present in a shader snippet. Excluding it from compilation. at line 364

Compiling Vertex program with SHADOW_MEDIUM USE_FPTL_LIGHTLIST
Platform defines: UNITY_ENABLE_REFLECTION_BUFFERS UNITY_USE_DITHER_MASK_FOR_ALPHABLENDED_SHADOWS UNITY_PBS_USE_BRDF1 UNITY_SPECCUBE_BOX_PROJECTION UNITY_SPECCUBE_BLENDING UNITY_ENABLE_DETAIL_NORMALMAP SHADER_API_DESKTOP UNITY_LIGHT_PROBE_PROXY_VOLUME UNITY_LIGHTMAP_FULL_HDR
Disabled keywords: DEBUG_DISPLAY SHADOW_LOW SHADOW_HIGH USE_CLUSTERED_LIGHTLIST SKY_MOTION USE_FLOWMAP UNITY_NO_DXT5nm UNITY_ENABLE_NATIVE_SHADOW_LOOKUPS UNITY_METAL_SHADOWS_USE_POINT_FILTERING UNITY_NO_SCREENSPACE_SHADOWS UNITY_PBS_USE_BRDF2 UNITY_PBS_USE_BRDF3 UNITY_NO_FULL_STANDARD_SHADER UNITY_HARDWARE_TIER1 UNITY_HARDWARE_TIER2 UNITY_HARDWARE_TIER3 UNITY_COLORSPACE_GAMMA UNITY_HALF_PRECISION_FRAGMENT_SHADER_REGISTERS UNITY_LIGHTMAP_DLDR_ENCODING UNITY_LIGHTMAP_RGBM_ENCODING UNITY_VIRTUAL_TEXTURING UNITY_PRETRANSFORM_TO_DISPLAY_ORIENTATION UNITY_ASTC_NORMALMAP_ENCODING SHADER_API_GLES30

Launched and connected shader compiler UnityShaderCompiler.exe after 0.08 seconds
Launched and connected shader compiler UnityShaderCompiler.exe after 0.06 seconds
Launched and connected shader compiler UnityShaderCompiler.exe after 0.06 seconds
Launched and connected shader compiler UnityShaderCompiler.exe after 0.07 seconds
Launched and connected shader compiler UnityShaderCompiler.exe after 0.07 seconds
Launched and connected shader compiler UnityShaderCompiler.exe after 0.06 seconds
Launched and connected shader compiler UnityShaderCompiler.exe after 0.07 seconds
Launched and connected shader compiler UnityShaderCompiler.exe after 0.09 seconds
 -> (artifact id: '528f218dd88b665888de9f8f622f114c') in 3.308554 seconds 
  Import took 3.322012 seconds .

========================================================================
Received Prepare
Registering precompiled user dll's ...
Registered in 0.005019 seconds.
Begin MonoManager ReloadAssembly
Native extension for WindowsStandalone target not found
Refreshing native plugins compatible for Editor in 0.57 ms, found 2 plugins.
Preloading 0 native plugins for Editor in 0.00 ms.
Mono: successfully reloaded assembly
- Completed reload, in  1.364 seconds
Domain Reload Profiling:
	ReloadAssembly (1364ms)
		BeginReloadAssembly (191ms)
			ExecutionOrderSort (0ms)
			DisableScriptedObjects (31ms)
			BackupInstance (0ms)
			ReleaseScriptingObjects (0ms)
			CreateAndSetChildDomain (44ms)
		EndReloadAssembly (1123ms)
			LoadAssemblies (101ms)
			RebuildTransferFunctionScriptingTraits (0ms)
			SetupTypeCache (327ms)
			ReleaseScriptCaches (1ms)
			RebuildScriptCaches (72ms)
			SetupLoadedEditorAssemblies (350ms)
				LogAssemblyErrors (0ms)
				InitializePlatformSupportModulesInManaged (4ms)
				SetLoadedEditorAssemblies (0ms)
				RefreshPlugins (1ms)
				BeforeProcessingInitializeOnLoad (89ms)
				ProcessInitializeOnLoadAttributes (243ms)
				ProcessInitializeOnLoadMethodAttributes (10ms)
				AfterProcessingInitializeOnLoad (3ms)
				EditorAssembliesLoaded (0ms)
			ExecutionOrderSort2 (0ms)
			AwakeInstancesAfterBackupRestoration (12ms)
Platform modules already initialized, skipping
NullReferenceException: Object reference not set to an instance of an object
  at UnityEngine.Rendering.HighDefinition.HDRenderPipelineAsset.get_defaultShader () [0x00000] in D:\8.unity\project\VfxDemonSlayer\VFX-Demon-Slayer-Blood-Demon-Art-Technique-Devlopment\Demon Slayer\Library\PackageCache\com.unity.render-pipelines.high-definition@10.5.1\Runtime\RenderPipeline\HDRenderPipelineAsset.cs:313 

(Filename: Library/PackageCache/com.unity.render-pipelines.high-definition@10.5.1/Runtime/RenderPipeline/HDRenderPipelineAsset.cs Line: 313)

Refreshing native plugins compatible for Editor in 0.64 ms, found 2 plugins.
Preloading 0 native plugins for Editor in 0.00 ms.
Unloading 3442 Unused Serialized files (Serialized files now loaded: 0)
System memory in use before: 158.7 MB.
System memory in use after: 153.6 MB.

Unloading 79 unused Assets to reduce memory usage. Loaded Objects now: 3989.
Total: 6.399300 ms (FindLiveObjects: 0.299300 ms CreateObjectMapping: 0.132000 ms MarkObjects: 2.805200 ms  DeleteObjects: 3.162000 ms)

NullReferenceException: Object reference not set to an instance of an object
  at UnityEngine.Rendering.HighDefinition.HDRenderPipelineAsset.get_defaultShader () [0x00000] in D:\8.unity\project\VfxDemonSlayer\VFX-Demon-Slayer-Blood-Demon-Art-Technique-Devlopment\Demon Slayer\Library\PackageCache\com.unity.render-pipelines.high-definition@10.5.1\Runtime\RenderPipeline\HDRenderPipelineAsset.cs:313 

(Filename: Library/PackageCache/com.unity.render-pipelines.high-definition@10.5.1/Runtime/RenderPipeline/HDRenderPipelineAsset.cs Line: 313)

AssetImportParameters requested are different than current active one (requested -> active):
  custom:framework-win-MediaFoundation: 216162199b28c13a410421893ffa2e32 -> 
  custom:video-decoder-ogg-theora: a1e56fd34408186e4bbccfd4996cb3dc -> 
  custom:container-muxer-webm: aa71ff27fc2769a1b78a27578f13a17b -> 
  custom:container-demuxer-webm: 4f35f7cbe854078d1ac9338744f61a02 -> 
  custom:container-demuxer-ogg: 62fdf1f143b41e24485cea50d1cbac27 -> 
  custom:srp/default-shader: 0d000000000000000000000000000000 -> 00a0da0d000000000000000000000000
  custom:video-encoder-webm-vp8: eb34c28f22e8b96e1ab97ce403110664 -> 
  custom:video-decoder-webm-vp8: 9c59270c3fd7afecdb556c50c9e8de78 -> 
  custom:audio-decoder-ogg-vorbis: bf7c407c2cedff20999df2af8eb42d56 -> 
  custom:audio-encoder-webm-vorbis: bf7c407c2cedff20999df2af8eb42d56 -> 
========================================================================
Received Import Request.
  Time since last request: 70.074516 seconds.
  path: Assets/share
  artifactKey: Guid(4491ddbdfe1d3e748a568e1c68f0c935) Importer(815301076,1909f56bfc062723c751e8b465ee728b)
Start importing Assets/share using Guid(4491ddbdfe1d3e748a568e1c68f0c935) Importer(815301076,1909f56bfc062723c751e8b465ee728b)  -> (artifact id: '77347e10829bb21773728c1da6d00504') in 0.010041 seconds 
  Import took 0.015242 seconds .

========================================================================
Received Import Request.
  Time since last request: 14.763640 seconds.
  path: Assets/share/New Shader Graph.shadergraph
  artifactKey: Guid(84fa514441ab2de409a0333da84824bb) Importer(815301076,1909f56bfc062723c751e8b465ee728b)
Start importing Assets/share/New Shader Graph.shadergraph using Guid(84fa514441ab2de409a0333da84824bb) Importer(815301076,1909f56bfc062723c751e8b465ee728b)  -> (artifact id: '1f9a5d7263aad7fc6b18d00acf82543a') in 0.018347 seconds 
  Import took 0.023909 seconds .

========================================================================
Received Import Request.
  Time since last request: 0.143029 seconds.
  path: Assets/share/New Shader Graph.shadergraph
  artifactKey: Guid(84fa514441ab2de409a0333da84824bb) Importer(815301076,1909f56bfc062723c751e8b465ee728b)
Start importing Assets/share/New Shader Graph.shadergraph using Guid(84fa514441ab2de409a0333da84824bb) Importer(815301076,1909f56bfc062723c751e8b465ee728b)  -> (artifact id: '1f9a5d7263aad7fc6b18d00acf82543a') in 0.005728 seconds 
  Import took 0.012079 seconds .

========================================================================
Received Import Request.
  Time since last request: 164.722264 seconds.
  path: Assets/share/New Shader Graph.shadergraph
  artifactKey: Guid(84fa514441ab2de409a0333da84824bb) Importer(815301076,1909f56bfc062723c751e8b465ee728b)
Start importing Assets/share/New Shader Graph.shadergraph using Guid(84fa514441ab2de409a0333da84824bb) Importer(815301076,1909f56bfc062723c751e8b465ee728b)  -> (artifact id: '4002fc0e4fb3eb64faef8680d8760d0c') in 0.005732 seconds 
  Import took 0.013208 seconds .

========================================================================
Received Import Request.
  Time since last request: 4.981891 seconds.
  path: Assets/share/New Shader Graph.shadergraph
  artifactKey: Guid(84fa514441ab2de409a0333da84824bb) Importer(815301076,1909f56bfc062723c751e8b465ee728b)
Start importing Assets/share/New Shader Graph.shadergraph using Guid(84fa514441ab2de409a0333da84824bb) Importer(815301076,1909f56bfc062723c751e8b465ee728b)  -> (artifact id: 'cd186cd3c3ec64e13350a29ed6eaa0ce') in 0.005703 seconds 
  Import took 0.011759 seconds .

========================================================================
Received Import Request.
  Time since last request: 12.111358 seconds.
  path: Assets/Scenes
  artifactKey: Guid(ebd5e8bb8502ee346b038f1d86468f53) Importer(815301076,1909f56bfc062723c751e8b465ee728b)
Start importing Assets/Scenes using Guid(ebd5e8bb8502ee346b038f1d86468f53) Importer(815301076,1909f56bfc062723c751e8b465ee728b)  -> (artifact id: 'd7cc0e97bfbedf01285e0a924eefc4c5') in 0.005755 seconds 
  Import took 0.012172 seconds .

========================================================================
Received Import Request.
  Time since last request: 10.853693 seconds.
  path: Assets/share/New Material.mat
  artifactKey: Guid(764f1195fffe50b4691af89de292f577) Importer(815301076,1909f56bfc062723c751e8b465ee728b)
Start importing Assets/share/New Material.mat using Guid(764f1195fffe50b4691af89de292f577) Importer(815301076,1909f56bfc062723c751e8b465ee728b)  -> (artifact id: '6ffd03c5e4e54627d72d2aae0db419ea') in 0.111350 seconds 
  Import took 0.118345 seconds .

========================================================================
Received Import Request.
  Time since last request: 14.304131 seconds.
  path: Assets/TechniqueDevelopmentPattern.png
  artifactKey: Guid(594fca757e869474091221b0b4f59384) Importer(815301076,1909f56bfc062723c751e8b465ee728b)
Start importing Assets/TechniqueDevelopmentPattern.png using Guid(594fca757e869474091221b0b4f59384) Importer(815301076,1909f56bfc062723c751e8b465ee728b)  -> (artifact id: '6c5b00965f93e54f5ce658186d346359') in 0.121169 seconds 
  Import took 0.126722 seconds .

========================================================================
Received Import Request.
  Time since last request: 0.004782 seconds.
  path: Assets/TechniqueDevelopmentPattern.png
  artifactKey: Guid(594fca757e869474091221b0b4f59384) Importer(815301076,1909f56bfc062723c751e8b465ee728b)
Start importing Assets/TechniqueDevelopmentPattern.png using Guid(594fca757e869474091221b0b4f59384) Importer(815301076,1909f56bfc062723c751e8b465ee728b)  -> (artifact id: '6c5b00965f93e54f5ce658186d346359') in 0.013232 seconds 
  Import took 0.018675 seconds .

========================================================================
Received Import Request.
  Time since last request: 441.142449 seconds.
  path: Assets/share/New Shader Graph.shadergraph
  artifactKey: Guid(84fa514441ab2de409a0333da84824bb) Importer(815301076,1909f56bfc062723c751e8b465ee728b)
Start importing Assets/share/New Shader Graph.shadergraph using Guid(84fa514441ab2de409a0333da84824bb) Importer(815301076,1909f56bfc062723c751e8b465ee728b)  -> (artifact id: 'c226a7bfde62bec9d1fc5ce6f701f536') in 0.004982 seconds 
  Import took 0.010917 seconds .

========================================================================
Received Import Request.
  Time since last request: 3569.953266 seconds.
  path: Assets/share/New Shader Graph.shadergraph
  artifactKey: Guid(84fa514441ab2de409a0333da84824bb) Importer(815301076,1909f56bfc062723c751e8b465ee728b)
Start importing Assets/share/New Shader Graph.shadergraph using Guid(84fa514441ab2de409a0333da84824bb) Importer(815301076,1909f56bfc062723c751e8b465ee728b)  -> (artifact id: 'ca2eba44993fdc5473149fcf5d132ac9') in 0.005265 seconds 
  Import took 0.013364 seconds .

========================================================================
Received Import Request.
  Time since last request: 629.923281 seconds.
  path: Assets/share/New Shader Graph.shadergraph
  artifactKey: Guid(84fa514441ab2de409a0333da84824bb) Importer(815301076,1909f56bfc062723c751e8b465ee728b)
Start importing Assets/share/New Shader Graph.shadergraph using Guid(84fa514441ab2de409a0333da84824bb) Importer(815301076,1909f56bfc062723c751e8b465ee728b)  -> (artifact id: '3d945100c95305bb6618de462990731a') in 0.013514 seconds 
  Import took 0.023884 seconds .

========================================================================
Received Import Request.
  Time since last request: 101.762067 seconds.
  path: Assets/share/New Material.mat
  artifactKey: Guid(764f1195fffe50b4691af89de292f577) Importer(815301076,1909f56bfc062723c751e8b465ee728b)
Start importing Assets/share/New Material.mat using Guid(764f1195fffe50b4691af89de292f577) Importer(815301076,1909f56bfc062723c751e8b465ee728b)  -> (artifact id: '20cb732dad56ac5b9ef20ef82b2b9ad8') in 0.028539 seconds 
  Import took 0.036648 seconds .

========================================================================
Received Prepare
Registering precompiled user dll's ...
Registered in 0.032182 seconds.
Begin MonoManager ReloadAssembly
Native extension for WindowsStandalone target not found
Refreshing native plugins compatible for Editor in 0.78 ms, found 2 plugins.
Preloading 0 native plugins for Editor in 0.00 ms.
[ScriptCompilation] NOT recompiling all scripts because this is an import worker process. Reason to compile was: Define symbols changed
Mono: successfully reloaded assembly
- Completed reload, in  1.701 seconds
Domain Reload Profiling:
	ReloadAssembly (1702ms)
		BeginReloadAssembly (154ms)
			ExecutionOrderSort (0ms)
			DisableScriptedObjects (8ms)
			BackupInstance (0ms)
			ReleaseScriptingObjects (0ms)
			CreateAndSetChildDomain (46ms)
		EndReloadAssembly (1482ms)
			LoadAssemblies (124ms)
			RebuildTransferFunctionScriptingTraits (0ms)
			SetupTypeCache (392ms)
			ReleaseScriptCaches (2ms)
			RebuildScriptCaches (82ms)
			SetupLoadedEditorAssemblies (471ms)
				LogAssemblyErrors (0ms)
				InitializePlatformSupportModulesInManaged (8ms)
				SetLoadedEditorAssemblies (1ms)
				RefreshPlugins (1ms)
				BeforeProcessingInitializeOnLoad (134ms)
				ProcessInitializeOnLoadAttributes (313ms)
				ProcessInitializeOnLoadMethodAttributes (12ms)
				AfterProcessingInitializeOnLoad (3ms)
				EditorAssembliesLoaded (0ms)
			ExecutionOrderSort2 (0ms)
			AwakeInstancesAfterBackupRestoration (12ms)
Platform modules already initialized, skipping
Refreshing native plugins compatible for Editor in 0.62 ms, found 2 plugins.
Preloading 0 native plugins for Editor in 0.00 ms.
Unloading 3697 Unused Serialized files (Serialized files now loaded: 0)
System memory in use before: 187.9 MB.
System memory in use after: 174.4 MB.

Unloading 275 unused Assets to reduce memory usage. Loaded Objects now: 4096.
Total: 9.877900 ms (FindLiveObjects: 0.418300 ms CreateObjectMapping: 0.216400 ms MarkObjects: 2.713700 ms  DeleteObjects: 6.528200 ms)

AssetImportParameters requested are different than current active one (requested -> active):
  custom:framework-win-MediaFoundation: 216162199b28c13a410421893ffa2e32 -> 
  custom:video-decoder-ogg-theora: a1e56fd34408186e4bbccfd4996cb3dc -> 
  custom:container-muxer-webm: aa71ff27fc2769a1b78a27578f13a17b -> 
  custom:container-demuxer-webm: 4f35f7cbe854078d1ac9338744f61a02 -> 
  custom:container-demuxer-ogg: 62fdf1f143b41e24485cea50d1cbac27 -> 
  custom:srp/default-shader: 0d000000000000000000000000000000 -> 00a0da0d000000000000000000000000
  custom:video-encoder-webm-vp8: eb34c28f22e8b96e1ab97ce403110664 -> 
  custom:video-decoder-webm-vp8: 9c59270c3fd7afecdb556c50c9e8de78 -> 
  custom:audio-decoder-ogg-vorbis: bf7c407c2cedff20999df2af8eb42d56 -> 
  custom:audio-encoder-webm-vorbis: bf7c407c2cedff20999df2af8eb42d56 -> 
========================================================================
Received Import Request.
  Time since last request: 844.766014 seconds.
  path: ProjectSettings/TagManager.asset
  artifactKey: Guid(00000000000000003000000000000000) Importer(815301076,1909f56bfc062723c751e8b465ee728b)
Start importing ProjectSettings/TagManager.asset using Guid(00000000000000003000000000000000) Importer(815301076,1909f56bfc062723c751e8b465ee728b)  -> (artifact id: 'c4d9a6cb32b3e0839d2f171fbe1b0feb') in 0.021658 seconds 
  Import took 0.027341 seconds .

========================================================================
Received Import Request.
  Time since last request: 333.348558 seconds.
  path: Assets/share/New Material 1.mat
  artifactKey: Guid(57930936ba9cc5a43874e8fb3b76c778) Importer(815301076,1909f56bfc062723c751e8b465ee728b)
Start importing Assets/share/New Material 1.mat using Guid(57930936ba9cc5a43874e8fb3b76c778) Importer(815301076,1909f56bfc062723c751e8b465ee728b)  -> (artifact id: 'e32f0e168d5379f285a598d3f6330c25') in 0.621693 seconds 
  Import took 0.635324 seconds .

========================================================================
Received Import Request.
  Time since last request: 0.000333 seconds.
  path: Assets/share/New Material.mat
  artifactKey: Guid(764f1195fffe50b4691af89de292f577) Importer(815301076,1909f56bfc062723c751e8b465ee728b)
Start importing Assets/share/New Material.mat using Guid(764f1195fffe50b4691af89de292f577) Importer(815301076,1909f56bfc062723c751e8b465ee728b)  -> (artifact id: '9ea2f0f8b0a3bd8a65a1899853fa41b6') in 0.325870 seconds 
  Import took 0.333986 seconds .

========================================================================
Received Import Request.
  Time since last request: 0.000296 seconds.
  path: Assets/share/New Material 1.mat
  artifactKey: Guid(57930936ba9cc5a43874e8fb3b76c778) Importer(815301076,1909f56bfc062723c751e8b465ee728b)
Start importing Assets/share/New Material 1.mat using Guid(57930936ba9cc5a43874e8fb3b76c778) Importer(815301076,1909f56bfc062723c751e8b465ee728b)  -> (artifact id: 'e32f0e168d5379f285a598d3f6330c25') in 0.083175 seconds 
  Import took 0.090681 seconds .

========================================================================
Received Import Request.
  Time since last request: 0.000437 seconds.
  path: Assets/share/New Material.mat
  artifactKey: Guid(764f1195fffe50b4691af89de292f577) Importer(815301076,1909f56bfc062723c751e8b465ee728b)
Start importing Assets/share/New Material.mat using Guid(764f1195fffe50b4691af89de292f577) Importer(815301076,1909f56bfc062723c751e8b465ee728b)  -> (artifact id: '9ea2f0f8b0a3bd8a65a1899853fa41b6') in 0.090648 seconds 
  Import took 0.098187 seconds .

========================================================================
Received Import Request.
  Time since last request: 157.617814 seconds.
  path: Assets/New Material.mat
  artifactKey: Guid(fb899682158208d439171272a17b59b0) Importer(815301076,1909f56bfc062723c751e8b465ee728b)
Start importing Assets/New Material.mat using Guid(fb899682158208d439171272a17b59b0) Importer(815301076,1909f56bfc062723c751e8b465ee728b)  -> (artifact id: '25b7ac877f11e8f6e9bc63cd0bdecc01') in 0.082185 seconds 
  Import took 0.090611 seconds .

========================================================================
Received Import Request.
  Time since last request: 0.000321 seconds.
  path: Assets/vfx plane.fbx
  artifactKey: Guid(715e65618d0cd534b90938e2c0794345) Importer(815301076,1909f56bfc062723c751e8b465ee728b)
Start importing Assets/vfx plane.fbx using Guid(715e65618d0cd534b90938e2c0794345) Importer(815301076,1909f56bfc062723c751e8b465ee728b)  -> (artifact id: 'd5dec47693616f8135d6c5eb7c680c51') in 0.367735 seconds 
  Import took 0.375443 seconds .

========================================================================
Received Import Request.
  Time since last request: 0.000307 seconds.
  path: Assets/New Material.mat
  artifactKey: Guid(fb899682158208d439171272a17b59b0) Importer(815301076,1909f56bfc062723c751e8b465ee728b)
Start importing Assets/New Material.mat using Guid(fb899682158208d439171272a17b59b0) Importer(815301076,1909f56bfc062723c751e8b465ee728b)  -> (artifact id: '25b7ac877f11e8f6e9bc63cd0bdecc01') in 0.094136 seconds 
  Import took 0.102708 seconds .

========================================================================
Received Import Request.
  Time since last request: 0.000327 seconds.
  path: Assets/vfx full room.fbx
  artifactKey: Guid(2723b7a46b6731a49bdc0a0d16d6293e) Importer(815301076,1909f56bfc062723c751e8b465ee728b)
Start importing Assets/vfx full room.fbx using Guid(2723b7a46b6731a49bdc0a0d16d6293e) Importer(815301076,1909f56bfc062723c751e8b465ee728b)  -> (artifact id: 'e6ecc75fbd94cf70448e124273c744b4') in 0.137022 seconds 
  Import took 0.145875 seconds .

========================================================================
Received Import Request.
  Time since last request: 0.003594 seconds.
  path: Assets/vfx full room.fbx
  artifactKey: Guid(2723b7a46b6731a49bdc0a0d16d6293e) Importer(815301076,1909f56bfc062723c751e8b465ee728b)
Start importing Assets/vfx full room.fbx using Guid(2723b7a46b6731a49bdc0a0d16d6293e) Importer(815301076,1909f56bfc062723c751e8b465ee728b)  -> (artifact id: 'e6ecc75fbd94cf70448e124273c744b4') in 0.137000 seconds 
  Import took 0.145307 seconds .

AssetImportWorkerClient::OnTransportError - code=2 error=End of file
